[2026-01-30T21:32:52.094+0000] {manager.py:470} INFO - Processing files using up to 2 processes at a time 
[2026-01-30T21:32:52.108+0000] {manager.py:471} INFO - Process each file at most once every 30 seconds
[2026-01-30T21:32:52.114+0000] {manager.py:472} INFO - Checking for new files in /opt/airflow/dags every 300 seconds
[2026-01-30T21:32:52.130+0000] {manager.py:737} INFO - Searching for files in /opt/airflow/dags
[2026-01-30T21:32:52.182+0000] {manager.py:740} INFO - There are 0 files in /opt/airflow/dags
[2026-01-30T21:37:53.453+0000] {manager.py:737} INFO - Searching for files in /opt/airflow/dags
[2026-01-30T21:37:55.137+0000] {manager.py:740} INFO - There are 0 files in /opt/airflow/dags
[2026-01-30T21:41:21.915+0000] {manager.py:452} INFO - Exiting gracefully upon receiving signal 15
[2026-01-30T21:48:48.140+0000] {manager.py:470} INFO - Processing files using up to 2 processes at a time 
[2026-01-30T21:48:48.228+0000] {manager.py:471} INFO - Process each file at most once every 30 seconds
[2026-01-30T21:48:48.326+0000] {manager.py:472} INFO - Checking for new files in /opt/airflow/dags every 300 seconds
[2026-01-30T21:48:48.397+0000] {manager.py:737} INFO - Searching for files in /opt/airflow/dags
[2026-01-30T21:48:48.659+0000] {manager.py:740} INFO - There are 0 files in /opt/airflow/dags
[2026-01-30T21:50:07.593+0000] {manager.py:452} INFO - Exiting gracefully upon receiving signal 15
[2026-01-30T21:55:12.871+0000] {manager.py:470} INFO - Processing files using up to 2 processes at a time 
[2026-01-30T21:55:12.956+0000] {manager.py:471} INFO - Process each file at most once every 30 seconds
[2026-01-30T21:55:12.974+0000] {manager.py:472} INFO - Checking for new files in /opt/airflow/dags every 300 seconds
[2026-01-30T21:55:12.978+0000] {manager.py:737} INFO - Searching for files in /opt/airflow/dags
[2026-01-30T21:55:13.027+0000] {manager.py:740} INFO - There are 0 files in /opt/airflow/dags
[2026-01-30T22:00:13.738+0000] {manager.py:737} INFO - Searching for files in /opt/airflow/dags
[2026-01-30T22:00:16.051+0000] {manager.py:740} INFO - There are 0 files in /opt/airflow/dags
[2026-01-30T22:00:20.117+0000] {manager.py:452} INFO - Exiting gracefully upon receiving signal 15
[2026-01-30T22:03:57.890+0000] {manager.py:470} INFO - Processing files using up to 2 processes at a time 
[2026-01-30T22:03:57.919+0000] {manager.py:471} INFO - Process each file at most once every 30 seconds
[2026-01-30T22:03:57.939+0000] {manager.py:472} INFO - Checking for new files in /opt/airflow/dags every 300 seconds
[2026-01-30T22:03:57.950+0000] {manager.py:737} INFO - Searching for files in /opt/airflow/dags
[2026-01-30T22:03:57.984+0000] {manager.py:740} INFO - There are 0 files in /opt/airflow/dags
[2026-01-30T22:08:58.800+0000] {manager.py:737} INFO - Searching for files in /opt/airflow/dags
[2026-01-30T22:08:59.001+0000] {manager.py:740} INFO - There are 0 files in /opt/airflow/dags
[2026-01-30T22:11:54.694+0000] {manager.py:452} INFO - Exiting gracefully upon receiving signal 15
[2026-01-30T22:16:27.792+0000] {manager.py:470} INFO - Processing files using up to 2 processes at a time 
[2026-01-30T22:16:27.813+0000] {manager.py:471} INFO - Process each file at most once every 30 seconds
[2026-01-30T22:16:27.824+0000] {manager.py:472} INFO - Checking for new files in /opt/airflow/dags every 300 seconds
[2026-01-30T22:16:27.832+0000] {manager.py:737} INFO - Searching for files in /opt/airflow/dags
[2026-01-30T22:16:27.871+0000] {manager.py:740} INFO - There are 0 files in /opt/airflow/dags
[2026-01-30T22:21:28.220+0000] {manager.py:737} INFO - Searching for files in /opt/airflow/dags
[2026-01-30T22:21:28.259+0000] {manager.py:740} INFO - There are 0 files in /opt/airflow/dags
[2026-01-30T22:25:32.940+0000] {manager.py:452} INFO - Exiting gracefully upon receiving signal 15
[2026-01-30T22:43:17.139+0000] {manager.py:470} INFO - Processing files using up to 2 processes at a time 
[2026-01-30T22:43:17.153+0000] {manager.py:471} INFO - Process each file at most once every 30 seconds
[2026-01-30T22:43:17.157+0000] {manager.py:472} INFO - Checking for new files in /opt/airflow/dags every 300 seconds
[2026-01-30T22:43:17.169+0000] {manager.py:737} INFO - Searching for files in /opt/airflow/dags
[2026-01-30T22:43:17.192+0000] {manager.py:740} INFO - There are 0 files in /opt/airflow/dags
[2026-01-30T22:48:17.429+0000] {manager.py:737} INFO - Searching for files in /opt/airflow/dags
[2026-01-30T22:48:17.536+0000] {manager.py:740} INFO - There are 0 files in /opt/airflow/dags
[2026-01-30T22:53:18.376+0000] {manager.py:737} INFO - Searching for files in /opt/airflow/dags
[2026-01-30T22:53:18.439+0000] {manager.py:740} INFO - There are 0 files in /opt/airflow/dags
[2026-01-30T22:58:19.051+0000] {manager.py:737} INFO - Searching for files in /opt/airflow/dags
[2026-01-30T22:58:19.090+0000] {manager.py:740} INFO - There are 0 files in /opt/airflow/dags
[2026-01-30T23:10:02.417+0000] {manager.py:737} INFO - Searching for files in /opt/airflow/dags
[2026-01-30T23:10:02.751+0000] {manager.py:740} INFO - There are 0 files in /opt/airflow/dags
[2026-01-30T23:15:02.551+0000] {manager.py:737} INFO - Searching for files in /opt/airflow/dags
[2026-01-30T23:15:02.591+0000] {manager.py:740} INFO - There are 0 files in /opt/airflow/dags
[2026-01-30T23:20:03.317+0000] {manager.py:737} INFO - Searching for files in /opt/airflow/dags
[2026-01-30T23:20:03.347+0000] {manager.py:740} INFO - There are 0 files in /opt/airflow/dags
[2026-01-30T23:23:14.551+0000] {manager.py:452} INFO - Exiting gracefully upon receiving signal 15
[2026-02-11T23:11:20.688+0000] {manager.py:470} INFO - Processing files using up to 2 processes at a time 
[2026-02-11T23:11:20.710+0000] {manager.py:471} INFO - Process each file at most once every 30 seconds
[2026-02-11T23:11:20.729+0000] {manager.py:472} INFO - Checking for new files in /opt/airflow/dags every 300 seconds
[2026-02-11T23:11:20.742+0000] {manager.py:737} INFO - Searching for files in /opt/airflow/dags
[2026-02-11T23:11:21.238+0000] {manager.py:740} INFO - There are 1 files in /opt/airflow/dags
[2026-02-11T23:11:25.508+0000] {manager.py:878} INFO - 
================================================================================
DAG File Processing Stats

File Path                              PID  Runtime      # DAGs    # Errors  Last Runtime    Last Run
-----------------------------------  -----  ---------  --------  ----------  --------------  ----------
/opt/airflow/dags/vuelo-pipeline.py     21  2.33s             0           0
================================================================================
[2026-02-11T23:11:57.134+0000] {manager.py:878} INFO - 
================================================================================
DAG File Processing Stats

File Path                            PID    Runtime      # DAGs    # Errors  Last Runtime    Last Run
-----------------------------------  -----  ---------  --------  ----------  --------------  -------------------
/opt/airflow/dags/vuelo-pipeline.py                           0           1  5.22s           2026-02-11T23:11:28
================================================================================
[2026-02-11T23:12:29.035+0000] {manager.py:878} INFO - 
================================================================================
DAG File Processing Stats

File Path                            PID    Runtime      # DAGs    # Errors  Last Runtime    Last Run
-----------------------------------  -----  ---------  --------  ----------  --------------  -------------------
/opt/airflow/dags/vuelo-pipeline.py                           0           1  1.08s           2026-02-11T23:12:00
================================================================================
[2026-02-11T23:13:00.420+0000] {manager.py:878} INFO - 
================================================================================
DAG File Processing Stats

File Path                            PID    Runtime      # DAGs    # Errors  Last Runtime    Last Run
-----------------------------------  -----  ---------  --------  ----------  --------------  -------------------
/opt/airflow/dags/vuelo-pipeline.py                           0           1  0.49s           2026-02-11T23:12:31
================================================================================
[2026-02-11T23:13:31.920+0000] {manager.py:878} INFO - 
================================================================================
DAG File Processing Stats

File Path                            PID    Runtime      # DAGs    # Errors  Last Runtime    Last Run
-----------------------------------  -----  ---------  --------  ----------  --------------  -------------------
/opt/airflow/dags/vuelo-pipeline.py                           0           1  1.70s           2026-02-11T23:13:03
================================================================================
[2026-02-11T23:14:03.841+0000] {manager.py:878} INFO - 
================================================================================
DAG File Processing Stats

File Path                            PID    Runtime      # DAGs    # Errors  Last Runtime    Last Run
-----------------------------------  -----  ---------  --------  ----------  --------------  -------------------
/opt/airflow/dags/vuelo-pipeline.py                           0           1  1.28s           2026-02-11T23:13:35
================================================================================
[2026-02-11T23:14:35.325+0000] {manager.py:878} INFO - 
================================================================================
DAG File Processing Stats

File Path                            PID    Runtime      # DAGs    # Errors  Last Runtime    Last Run
-----------------------------------  -----  ---------  --------  ----------  --------------  -------------------
/opt/airflow/dags/vuelo-pipeline.py                           0           1  1.19s           2026-02-11T23:14:07
================================================================================
[2026-02-11T23:15:06.928+0000] {manager.py:878} INFO - 
================================================================================
DAG File Processing Stats

File Path                            PID    Runtime      # DAGs    # Errors  Last Runtime    Last Run
-----------------------------------  -----  ---------  --------  ----------  --------------  -------------------
/opt/airflow/dags/vuelo-pipeline.py                           0           1  0.79s           2026-02-11T23:14:38
================================================================================
[2026-02-11T23:15:39.512+0000] {manager.py:878} INFO - 
================================================================================
DAG File Processing Stats

File Path                            PID    Runtime      # DAGs    # Errors  Last Runtime    Last Run
-----------------------------------  -----  ---------  --------  ----------  --------------  -------------------
/opt/airflow/dags/vuelo-pipeline.py                           0           1  4.80s           2026-02-11T23:15:16
================================================================================
[2026-02-11T23:16:10.808+0000] {manager.py:878} INFO - 
================================================================================
DAG File Processing Stats

File Path                            PID    Runtime      # DAGs    # Errors  Last Runtime    Last Run
-----------------------------------  -----  ---------  --------  ----------  --------------  -------------------
/opt/airflow/dags/vuelo-pipeline.py                           0           1  2.46s           2026-02-11T23:15:49
================================================================================
[2026-02-11T23:16:29.118+0000] {manager.py:737} INFO - Searching for files in /opt/airflow/dags
[2026-02-11T23:16:33.700+0000] {manager.py:740} INFO - There are 1 files in /opt/airflow/dags
[2026-02-11T23:16:42.936+0000] {manager.py:878} INFO - 
================================================================================
DAG File Processing Stats

File Path                            PID    Runtime      # DAGs    # Errors  Last Runtime    Last Run
-----------------------------------  -----  ---------  --------  ----------  --------------  -------------------
/opt/airflow/dags/vuelo-pipeline.py                           0           1  13.75s          2026-02-11T23:16:41
================================================================================
[2026-02-11T23:17:23.646+0000] {manager.py:878} INFO - 
================================================================================
DAG File Processing Stats

File Path                              PID  Runtime      # DAGs    # Errors  Last Runtime    Last Run
-----------------------------------  -----  ---------  --------  ----------  --------------  -------------------
/opt/airflow/dags/vuelo-pipeline.py     31  10.60s            0           1  13.75s          2026-02-11T23:16:41
================================================================================
[2026-02-11T23:17:55.155+0000] {manager.py:878} INFO - 
================================================================================
DAG File Processing Stats

File Path                            PID    Runtime      # DAGs    # Errors  Last Runtime    Last Run
-----------------------------------  -----  ---------  --------  ----------  --------------  -------------------
/opt/airflow/dags/vuelo-pipeline.py                           0           1  24.82s          2026-02-11T23:17:37
================================================================================
[2026-02-11T23:18:33.618+0000] {manager.py:878} INFO - 
================================================================================
DAG File Processing Stats

File Path                            PID    Runtime      # DAGs    # Errors  Last Runtime    Last Run
-----------------------------------  -----  ---------  --------  ----------  --------------  -------------------
/opt/airflow/dags/vuelo-pipeline.py                           0           1  3.12s           2026-02-11T23:18:16
================================================================================
[2026-02-11T23:19:05.918+0000] {manager.py:878} INFO - 
================================================================================
DAG File Processing Stats

File Path                            PID    Runtime      # DAGs    # Errors  Last Runtime    Last Run
-----------------------------------  -----  ---------  --------  ----------  --------------  -------------------
/opt/airflow/dags/vuelo-pipeline.py                           0           1  4.86s           2026-02-11T23:18:52
================================================================================
[2026-02-11T23:19:37.644+0000] {manager.py:878} INFO - 
================================================================================
DAG File Processing Stats

File Path                            PID    Runtime      # DAGs    # Errors  Last Runtime    Last Run
-----------------------------------  -----  ---------  --------  ----------  --------------  -------------------
/opt/airflow/dags/vuelo-pipeline.py                           0           1  1.23s           2026-02-11T23:19:24
================================================================================
[2026-02-11T23:20:09.382+0000] {manager.py:878} INFO - 
================================================================================
DAG File Processing Stats

File Path                            PID    Runtime      # DAGs    # Errors  Last Runtime    Last Run
-----------------------------------  -----  ---------  --------  ----------  --------------  -------------------
/opt/airflow/dags/vuelo-pipeline.py                           0           1  1.01s           2026-02-11T23:19:55
================================================================================
[2026-02-11T23:20:40.909+0000] {manager.py:878} INFO - 
================================================================================
DAG File Processing Stats

File Path                            PID    Runtime      # DAGs    # Errors  Last Runtime    Last Run
-----------------------------------  -----  ---------  --------  ----------  --------------  -------------------
/opt/airflow/dags/vuelo-pipeline.py                           0           1  1.80s           2026-02-11T23:20:27
================================================================================
[2026-02-11T23:21:12.541+0000] {manager.py:878} INFO - 
================================================================================
DAG File Processing Stats

File Path                            PID    Runtime      # DAGs    # Errors  Last Runtime    Last Run
-----------------------------------  -----  ---------  --------  ----------  --------------  -------------------
/opt/airflow/dags/vuelo-pipeline.py                           0           1  11.80s          2026-02-11T23:21:11
================================================================================
[2026-02-11T23:21:29.635+0000] {manager.py:737} INFO - Searching for files in /opt/airflow/dags
[2026-02-11T23:21:30.592+0000] {manager.py:740} INFO - There are 1 files in /opt/airflow/dags
[2026-02-11T23:21:54.285+0000] {manager.py:878} INFO - 
================================================================================
DAG File Processing Stats

File Path                              PID  Runtime      # DAGs    # Errors  Last Runtime    Last Run
-----------------------------------  -----  ---------  --------  ----------  --------------  -------------------
/opt/airflow/dags/vuelo-pipeline.py     38  11.44s            0           1  11.80s          2026-02-11T23:21:11
================================================================================
[2026-02-11T23:22:26.140+0000] {manager.py:878} INFO - 
================================================================================
DAG File Processing Stats

File Path                            PID    Runtime      # DAGs    # Errors  Last Runtime    Last Run
-----------------------------------  -----  ---------  --------  ----------  --------------  -------------------
/opt/airflow/dags/vuelo-pipeline.py                           0           1  13.79s          2026-02-11T23:21:56
================================================================================
[2026-02-11T23:22:57.913+0000] {manager.py:878} INFO - 
================================================================================
DAG File Processing Stats

File Path                            PID    Runtime      # DAGs    # Errors  Last Runtime    Last Run
-----------------------------------  -----  ---------  --------  ----------  --------------  -------------------
/opt/airflow/dags/vuelo-pipeline.py                           0           1  1.47s           2026-02-11T23:22:28
================================================================================
[2026-02-11T23:23:29.706+0000] {manager.py:878} INFO - 
================================================================================
DAG File Processing Stats

File Path                            PID    Runtime      # DAGs    # Errors  Last Runtime    Last Run
-----------------------------------  -----  ---------  --------  ----------  --------------  -------------------
/opt/airflow/dags/vuelo-pipeline.py                           0           1  11.95s          2026-02-11T23:23:11
================================================================================
[2026-02-11T23:24:02.149+0000] {manager.py:878} INFO - 
================================================================================
DAG File Processing Stats

File Path                            PID    Runtime      # DAGs    # Errors  Last Runtime    Last Run
-----------------------------------  -----  ---------  --------  ----------  --------------  -------------------
/opt/airflow/dags/vuelo-pipeline.py                           0           1  1.30s           2026-02-11T23:23:43
================================================================================
[2026-02-11T23:24:33.704+0000] {manager.py:878} INFO - 
================================================================================
DAG File Processing Stats

File Path                            PID    Runtime      # DAGs    # Errors  Last Runtime    Last Run
-----------------------------------  -----  ---------  --------  ----------  --------------  -------------------
/opt/airflow/dags/vuelo-pipeline.py                           0           1  3.18s           2026-02-11T23:24:17
================================================================================
[2026-02-11T23:25:05.121+0000] {manager.py:878} INFO - 
================================================================================
DAG File Processing Stats

File Path                            PID    Runtime      # DAGs    # Errors  Last Runtime    Last Run
-----------------------------------  -----  ---------  --------  ----------  --------------  -------------------
/opt/airflow/dags/vuelo-pipeline.py                           0           1  2.49s           2026-02-11T23:24:49
================================================================================
[2026-02-11T23:25:37.083+0000] {manager.py:878} INFO - 
================================================================================
DAG File Processing Stats

File Path                            PID    Runtime      # DAGs    # Errors  Last Runtime    Last Run
-----------------------------------  -----  ---------  --------  ----------  --------------  -------------------
/opt/airflow/dags/vuelo-pipeline.py                           0           1  7.09s           2026-02-11T23:25:27
================================================================================
[2026-02-11T23:26:09.283+0000] {manager.py:878} INFO - 
================================================================================
DAG File Processing Stats

File Path                            PID    Runtime      # DAGs    # Errors  Last Runtime    Last Run
-----------------------------------  -----  ---------  --------  ----------  --------------  -------------------
/opt/airflow/dags/vuelo-pipeline.py                           0           1  0.93s           2026-02-11T23:25:59
================================================================================
[2026-02-11T23:26:29.831+0000] {manager.py:737} INFO - Searching for files in /opt/airflow/dags
[2026-02-11T23:26:29.918+0000] {manager.py:740} INFO - There are 1 files in /opt/airflow/dags
[2026-02-11T23:26:41.244+0000] {manager.py:878} INFO - 
================================================================================
DAG File Processing Stats

File Path                            PID    Runtime      # DAGs    # Errors  Last Runtime    Last Run
-----------------------------------  -----  ---------  --------  ----------  --------------  -------------------
/opt/airflow/dags/vuelo-pipeline.py                           0           1  0.59s           2026-02-11T23:26:29
================================================================================
[2026-02-11T23:27:13.326+0000] {manager.py:878} INFO - 
================================================================================
DAG File Processing Stats

File Path                            PID    Runtime      # DAGs    # Errors  Last Runtime    Last Run
-----------------------------------  -----  ---------  --------  ----------  --------------  -------------------
/opt/airflow/dags/vuelo-pipeline.py                           0           1  0.85s           2026-02-11T23:27:01
================================================================================
[2026-02-11T23:27:45.468+0000] {manager.py:878} INFO - 
================================================================================
DAG File Processing Stats

File Path                            PID    Runtime      # DAGs    # Errors  Last Runtime    Last Run
-----------------------------------  -----  ---------  --------  ----------  --------------  -------------------
/opt/airflow/dags/vuelo-pipeline.py                           0           1  1.25s           2026-02-11T23:27:32
================================================================================
[2026-02-11T23:28:17.177+0000] {manager.py:878} INFO - 
================================================================================
DAG File Processing Stats

File Path                            PID    Runtime      # DAGs    # Errors  Last Runtime    Last Run
-----------------------------------  -----  ---------  --------  ----------  --------------  -------------------
/opt/airflow/dags/vuelo-pipeline.py                           0           1  0.84s           2026-02-11T23:28:03
================================================================================
[2026-02-11T23:28:48.746+0000] {manager.py:878} INFO - 
================================================================================
DAG File Processing Stats

File Path                            PID    Runtime      # DAGs    # Errors  Last Runtime    Last Run
-----------------------------------  -----  ---------  --------  ----------  --------------  -------------------
/opt/airflow/dags/vuelo-pipeline.py                           0           1  0.31s           2026-02-11T23:28:34
================================================================================
[2026-02-11T23:29:20.313+0000] {manager.py:878} INFO - 
================================================================================
DAG File Processing Stats

File Path                            PID    Runtime      # DAGs    # Errors  Last Runtime    Last Run
-----------------------------------  -----  ---------  --------  ----------  --------------  -------------------
/opt/airflow/dags/vuelo-pipeline.py                           0           1  0.64s           2026-02-11T23:29:06
================================================================================
[2026-02-11T23:29:52.163+0000] {manager.py:878} INFO - 
================================================================================
DAG File Processing Stats

File Path                            PID    Runtime      # DAGs    # Errors  Last Runtime    Last Run
-----------------------------------  -----  ---------  --------  ----------  --------------  -------------------
/opt/airflow/dags/vuelo-pipeline.py                           0           1  0.53s           2026-02-11T23:29:36
================================================================================
[2026-02-11T23:30:24.355+0000] {manager.py:878} INFO - 
================================================================================
DAG File Processing Stats

File Path                            PID    Runtime      # DAGs    # Errors  Last Runtime    Last Run
-----------------------------------  -----  ---------  --------  ----------  --------------  -------------------
/opt/airflow/dags/vuelo-pipeline.py                           0           1  1.21s           2026-02-11T23:30:08
================================================================================
[2026-02-11T23:30:56.313+0000] {manager.py:878} INFO - 
================================================================================
DAG File Processing Stats

File Path                            PID    Runtime      # DAGs    # Errors  Last Runtime    Last Run
-----------------------------------  -----  ---------  --------  ----------  --------------  -------------------
/opt/airflow/dags/vuelo-pipeline.py                           0           1  0.27s           2026-02-11T23:30:39
================================================================================
[2026-02-11T23:31:28.383+0000] {manager.py:878} INFO - 
================================================================================
DAG File Processing Stats

File Path                            PID    Runtime      # DAGs    # Errors  Last Runtime    Last Run
-----------------------------------  -----  ---------  --------  ----------  --------------  -------------------
/opt/airflow/dags/vuelo-pipeline.py                           0           1  0.33s           2026-02-11T23:31:10
================================================================================
[2026-02-11T23:31:30.419+0000] {manager.py:737} INFO - Searching for files in /opt/airflow/dags
[2026-02-11T23:31:30.548+0000] {manager.py:740} INFO - There are 1 files in /opt/airflow/dags
[2026-02-11T23:32:00.403+0000] {manager.py:878} INFO - 
================================================================================
DAG File Processing Stats

File Path                            PID    Runtime      # DAGs    # Errors  Last Runtime    Last Run
-----------------------------------  -----  ---------  --------  ----------  --------------  -------------------
/opt/airflow/dags/vuelo-pipeline.py                           0           1  0.53s           2026-02-11T23:31:41
================================================================================
[2026-02-11T23:32:32.239+0000] {manager.py:878} INFO - 
================================================================================
DAG File Processing Stats

File Path                            PID    Runtime      # DAGs    # Errors  Last Runtime    Last Run
-----------------------------------  -----  ---------  --------  ----------  --------------  -------------------
/opt/airflow/dags/vuelo-pipeline.py                           0           1  0.55s           2026-02-11T23:32:12
================================================================================
[2026-02-11T23:33:04.194+0000] {manager.py:878} INFO - 
================================================================================
DAG File Processing Stats

File Path                            PID    Runtime      # DAGs    # Errors  Last Runtime    Last Run
-----------------------------------  -----  ---------  --------  ----------  --------------  -------------------
/opt/airflow/dags/vuelo-pipeline.py                           0           1  0.29s           2026-02-11T23:32:44
================================================================================
[2026-02-11T23:33:36.316+0000] {manager.py:878} INFO - 
================================================================================
DAG File Processing Stats

File Path                            PID    Runtime      # DAGs    # Errors  Last Runtime    Last Run
-----------------------------------  -----  ---------  --------  ----------  --------------  -------------------
/opt/airflow/dags/vuelo-pipeline.py                           0           1  0.26s           2026-02-11T23:33:16
================================================================================
[2026-02-11T23:34:08.034+0000] {manager.py:878} INFO - 
================================================================================
DAG File Processing Stats

File Path                            PID    Runtime      # DAGs    # Errors  Last Runtime    Last Run
-----------------------------------  -----  ---------  --------  ----------  --------------  -------------------
/opt/airflow/dags/vuelo-pipeline.py                           0           1  0.68s           2026-02-11T23:33:47
================================================================================
[2026-02-11T23:34:39.559+0000] {manager.py:878} INFO - 
================================================================================
DAG File Processing Stats

File Path                            PID    Runtime      # DAGs    # Errors  Last Runtime    Last Run
-----------------------------------  -----  ---------  --------  ----------  --------------  -------------------
/opt/airflow/dags/vuelo-pipeline.py                           0           1  1.49s           2026-02-11T23:34:21
================================================================================
[2026-02-11T23:35:11.078+0000] {manager.py:878} INFO - 
================================================================================
DAG File Processing Stats

File Path                            PID    Runtime      # DAGs    # Errors  Last Runtime    Last Run
-----------------------------------  -----  ---------  --------  ----------  --------------  -------------------
/opt/airflow/dags/vuelo-pipeline.py                           0           1  1.23s           2026-02-11T23:34:53
================================================================================
[2026-02-11T23:35:43.121+0000] {manager.py:878} INFO - 
================================================================================
DAG File Processing Stats

File Path                            PID    Runtime      # DAGs    # Errors  Last Runtime    Last Run
-----------------------------------  -----  ---------  --------  ----------  --------------  -------------------
/opt/airflow/dags/vuelo-pipeline.py                           0           1  0.92s           2026-02-11T23:35:24
================================================================================
[2026-02-11T23:36:15.630+0000] {manager.py:878} INFO - 
================================================================================
DAG File Processing Stats

File Path                            PID    Runtime      # DAGs    # Errors  Last Runtime    Last Run
-----------------------------------  -----  ---------  --------  ----------  --------------  -------------------
/opt/airflow/dags/vuelo-pipeline.py                           0           1  0.73s           2026-02-11T23:35:56
================================================================================
[2026-02-11T23:36:30.736+0000] {manager.py:737} INFO - Searching for files in /opt/airflow/dags
[2026-02-11T23:36:33.274+0000] {manager.py:740} INFO - There are 1 files in /opt/airflow/dags
[2026-02-11T23:36:47.183+0000] {manager.py:878} INFO - 
================================================================================
DAG File Processing Stats

File Path                            PID    Runtime      # DAGs    # Errors  Last Runtime    Last Run
-----------------------------------  -----  ---------  --------  ----------  --------------  -------------------
/opt/airflow/dags/vuelo-pipeline.py                           0           1  4.96s           2026-02-11T23:36:33
================================================================================
[2026-02-11T23:37:18.734+0000] {manager.py:878} INFO - 
================================================================================
DAG File Processing Stats

File Path                            PID    Runtime      # DAGs    # Errors  Last Runtime    Last Run
-----------------------------------  -----  ---------  --------  ----------  --------------  -------------------
/opt/airflow/dags/vuelo-pipeline.py                           0           1  1.31s           2026-02-11T23:37:05
================================================================================
[2026-02-11T23:37:50.690+0000] {manager.py:878} INFO - 
================================================================================
DAG File Processing Stats

File Path                            PID    Runtime      # DAGs    # Errors  Last Runtime    Last Run
-----------------------------------  -----  ---------  --------  ----------  --------------  -------------------
/opt/airflow/dags/vuelo-pipeline.py                           0           1  0.61s           2026-02-11T23:37:36
================================================================================
